{"name": "Validate that Top search option working as expected", "status": "failed", "statusDetails": {"message": "AssertionError\n", "trace": "  File \"c:\\users\\bhara\\pycharmprojects\\testing\\venv\\lib\\site-packages\\behave\\model.py\", line 1329, in run\n    match.run(runner.context)\n  File \"c:\\users\\bhara\\pycharmprojects\\testing\\venv\\lib\\site-packages\\behave\\matchers.py\", line 98, in run\n    self.func(context, *args, **kwargs)\n  File \"steps\\euvantagesteps.py\", line 219, in fvalueCheck\n    assert False\n"}, "steps": [{"name": "Given user open the login page", "status": "passed", "start": 1610206075954, "stop": 1610206086015}, {"name": "When user enters user id and password", "status": "passed", "start": 1610206086015, "stop": 1610206087205}, {"name": "And User click the login button", "status": "passed", "start": 1610206087205, "stop": 1610206105080}, {"name": "Then user successfully logged in home page", "status": "passed", "start": 1610206105081, "stop": 1610206105097}, {"name": "When User select home button and navigate to report and usage till_date", "status": "passed", "start": 1610206105097, "stop": 1610206130953}, {"name": "Then User successfully reached Usage till date page", "status": "passed", "start": 1610206130953, "stop": 1610206140972}, {"name": "When User select filter option", "status": "passed", "start": 1610206140972, "stop": 1610206161407}, {"name": "And User enters the Pool name and server name and User name", "status": "passed", "start": 1610206161407, "stop": 1610206177596}, {"name": "When User select the value from the drop down", "status": "passed", "start": 1610206177596, "stop": 1610206182761}, {"name": "Then Verify selected value displayed in the report", "status": "failed", "statusDetails": {"message": "AssertionError\n", "trace": "  File \"c:\\users\\bhara\\pycharmprojects\\testing\\venv\\lib\\site-packages\\behave\\model.py\", line 1329, in run\n    match.run(runner.context)\n  File \"c:\\users\\bhara\\pycharmprojects\\testing\\venv\\lib\\site-packages\\behave\\matchers.py\", line 98, in run\n    self.func(context, *args, **kwargs)\n  File \"steps\\euvantagesteps.py\", line 219, in fvalueCheck\n    assert False\n"}, "start": 1610206182762, "stop": 1610206182794}], "start": 1610206075949, "stop": 1610206182794, "uuid": "7cbea487-0283-4350-a875-2ef29bbfc54f", "historyId": "0c569ef9eb41c379e5accc7ee2e86cce", "labels": [{"name": "severity", "value": "normal"}, {"name": "tag", "value": "checking2"}, {"name": "feature", "value": "Usage till date page validation(Filter option)"}, {"name": "framework", "value": "behave"}, {"name": "language", "value": "cpython3"}]}